Analysis & Synthesis report for ALU
Wed Jan 13 18:37:42 2021
Quartus Prime Version 20.1.1 Build 720 11/11/2020 SJ Lite Edition


---------------------
; Table of Contents ;
---------------------
  1. Legal Notice
  2. Analysis & Synthesis Summary
  3. Analysis & Synthesis Settings
  4. Parallel Compilation
  5. Analysis & Synthesis Source Files Read
  6. Analysis & Synthesis Resource Usage Summary
  7. Analysis & Synthesis Resource Utilization by Entity
  8. Analysis & Synthesis DSP Block Usage Summary
  9. Analysis & Synthesis IP Cores Summary
 10. User-Specified and Inferred Latches
 11. Registers Removed During Synthesis
 12. General Register Statistics
 13. Multiplexer Restructuring Statistics (Restructuring Performed)
 14. Parameter Settings for User Entity Instance: Calculator:calc|MUL:mul|lpm_mult:lpm_mult_component
 15. Parameter Settings for User Entity Instance: Calculator:calc|DIV:div|lpm_divide:LPM_DIVIDE_component
 16. Parameter Settings for User Entity Instance: Calculator:calc|DIV:mod|lpm_divide:LPM_DIVIDE_component
 17. lpm_mult Parameter Settings by Entity Instance
 18. Port Connectivity Checks: "Calculator:calc|DIV:mod"
 19. Port Connectivity Checks: "Calculator:calc|DIV:div"
 20. Post-Synthesis Netlist Statistics for Top Partition
 21. Elapsed Time Per Partition
 22. Analysis & Synthesis Messages



----------------
; Legal Notice ;
----------------
Copyright (C) 2020  Intel Corporation. All rights reserved.
Your use of Intel Corporation's design tools, logic functions 
and other software and tools, and any partner logic 
functions, and any output files from any of the foregoing 
(including device programming or simulation files), and any 
associated documentation or information are expressly subject 
to the terms and conditions of the Intel Program License 
Subscription Agreement, the Intel Quartus Prime License Agreement,
the Intel FPGA IP License Agreement, or other applicable license
agreement, including, without limitation, that your use is for
the sole purpose of programming logic devices manufactured by
Intel and sold by Intel or its authorized distributors.  Please
refer to the applicable agreement for further details, at
https://fpgasoftware.intel.com/eula.



+----------------------------------------------------------------------------------+
; Analysis & Synthesis Summary                                                     ;
+------------------------------------+---------------------------------------------+
; Analysis & Synthesis Status        ; Successful - Wed Jan 13 18:37:42 2021       ;
; Quartus Prime Version              ; 20.1.1 Build 720 11/11/2020 SJ Lite Edition ;
; Revision Name                      ; ALU                                         ;
; Top-level Entity Name              ; ALU                                         ;
; Family                             ; MAX 10                                      ;
; Total logic elements               ; 683                                         ;
;     Total combinational functions  ; 683                                         ;
;     Dedicated logic registers      ; 74                                          ;
; Total registers                    ; 74                                          ;
; Total pins                         ; 100                                         ;
; Total virtual pins                 ; 0                                           ;
; Total memory bits                  ; 0                                           ;
; Embedded Multiplier 9-bit elements ; 2                                           ;
; Total PLLs                         ; 0                                           ;
; UFM blocks                         ; 0                                           ;
; ADC blocks                         ; 0                                           ;
+------------------------------------+---------------------------------------------+


+------------------------------------------------------------------------------------------------------------+
; Analysis & Synthesis Settings                                                                              ;
+------------------------------------------------------------------+--------------------+--------------------+
; Option                                                           ; Setting            ; Default Value      ;
+------------------------------------------------------------------+--------------------+--------------------+
; Device                                                           ; 10M50DAF484C7G     ;                    ;
; Top-level entity name                                            ; ALU                ; ALU                ;
; Family name                                                      ; MAX 10             ; Cyclone V          ;
; Use smart compilation                                            ; Off                ; Off                ;
; Enable parallel Assembler and Timing Analyzer during compilation ; On                 ; On                 ;
; Enable compact report table                                      ; Off                ; Off                ;
; Restructure Multiplexers                                         ; Auto               ; Auto               ;
; Create Debugging Nodes for IP Cores                              ; Off                ; Off                ;
; Preserve fewer node names                                        ; On                 ; On                 ;
; Intel FPGA IP Evaluation Mode                                    ; Enable             ; Enable             ;
; Verilog Version                                                  ; Verilog_2001       ; Verilog_2001       ;
; VHDL Version                                                     ; VHDL_1993          ; VHDL_1993          ;
; State Machine Processing                                         ; Auto               ; Auto               ;
; Safe State Machine                                               ; Off                ; Off                ;
; Extract Verilog State Machines                                   ; On                 ; On                 ;
; Extract VHDL State Machines                                      ; On                 ; On                 ;
; Ignore Verilog initial constructs                                ; Off                ; Off                ;
; Iteration limit for constant Verilog loops                       ; 5000               ; 5000               ;
; Iteration limit for non-constant Verilog loops                   ; 250                ; 250                ;
; Add Pass-Through Logic to Inferred RAMs                          ; On                 ; On                 ;
; Infer RAMs from Raw Logic                                        ; On                 ; On                 ;
; Parallel Synthesis                                               ; On                 ; On                 ;
; DSP Block Balancing                                              ; Auto               ; Auto               ;
; NOT Gate Push-Back                                               ; On                 ; On                 ;
; Power-Up Don't Care                                              ; On                 ; On                 ;
; Remove Redundant Logic Cells                                     ; Off                ; Off                ;
; Remove Duplicate Registers                                       ; On                 ; On                 ;
; Ignore CARRY Buffers                                             ; Off                ; Off                ;
; Ignore CASCADE Buffers                                           ; Off                ; Off                ;
; Ignore GLOBAL Buffers                                            ; Off                ; Off                ;
; Ignore ROW GLOBAL Buffers                                        ; Off                ; Off                ;
; Ignore LCELL Buffers                                             ; Off                ; Off                ;
; Ignore SOFT Buffers                                              ; On                 ; On                 ;
; Limit AHDL Integers to 32 Bits                                   ; Off                ; Off                ;
; Optimization Technique                                           ; Balanced           ; Balanced           ;
; Carry Chain Length                                               ; 70                 ; 70                 ;
; Auto Carry Chains                                                ; On                 ; On                 ;
; Auto Open-Drain Pins                                             ; On                 ; On                 ;
; Perform WYSIWYG Primitive Resynthesis                            ; Off                ; Off                ;
; Auto ROM Replacement                                             ; On                 ; On                 ;
; Auto RAM Replacement                                             ; On                 ; On                 ;
; Auto DSP Block Replacement                                       ; On                 ; On                 ;
; Auto Shift Register Replacement                                  ; Auto               ; Auto               ;
; Allow Shift Register Merging across Hierarchies                  ; Auto               ; Auto               ;
; Auto Clock Enable Replacement                                    ; On                 ; On                 ;
; Strict RAM Replacement                                           ; Off                ; Off                ;
; Allow Synchronous Control Signals                                ; On                 ; On                 ;
; Force Use of Synchronous Clear Signals                           ; Off                ; Off                ;
; Auto RAM Block Balancing                                         ; On                 ; On                 ;
; Auto RAM to Logic Cell Conversion                                ; Off                ; Off                ;
; Auto Resource Sharing                                            ; Off                ; Off                ;
; Allow Any RAM Size For Recognition                               ; Off                ; Off                ;
; Allow Any ROM Size For Recognition                               ; Off                ; Off                ;
; Allow Any Shift Register Size For Recognition                    ; Off                ; Off                ;
; Use LogicLock Constraints during Resource Balancing              ; On                 ; On                 ;
; Ignore translate_off and synthesis_off directives                ; Off                ; Off                ;
; Timing-Driven Synthesis                                          ; On                 ; On                 ;
; Report Parameter Settings                                        ; On                 ; On                 ;
; Report Source Assignments                                        ; On                 ; On                 ;
; Report Connectivity Checks                                       ; On                 ; On                 ;
; Ignore Maximum Fan-Out Assignments                               ; Off                ; Off                ;
; Synchronization Register Chain Length                            ; 2                  ; 2                  ;
; Power Optimization During Synthesis                              ; Normal compilation ; Normal compilation ;
; HDL message level                                                ; Level2             ; Level2             ;
; Suppress Register Optimization Related Messages                  ; Off                ; Off                ;
; Number of Removed Registers Reported in Synthesis Report         ; 5000               ; 5000               ;
; Number of Swept Nodes Reported in Synthesis Report               ; 5000               ; 5000               ;
; Number of Inverted Registers Reported in Synthesis Report        ; 100                ; 100                ;
; Clock MUX Protection                                             ; On                 ; On                 ;
; Auto Gated Clock Conversion                                      ; Off                ; Off                ;
; Block Design Naming                                              ; Auto               ; Auto               ;
; SDC constraint protection                                        ; Off                ; Off                ;
; Synthesis Effort                                                 ; Auto               ; Auto               ;
; Shift Register Replacement - Allow Asynchronous Clear Signal     ; On                 ; On                 ;
; Pre-Mapping Resynthesis Optimization                             ; Off                ; Off                ;
; Analysis & Synthesis Message Level                               ; Medium             ; Medium             ;
; Disable Register Merging Across Hierarchies                      ; Auto               ; Auto               ;
; Resource Aware Inference For Block RAM                           ; On                 ; On                 ;
+------------------------------------------------------------------+--------------------+--------------------+


+------------------------------------------+
; Parallel Compilation                     ;
+----------------------------+-------------+
; Processors                 ; Number      ;
+----------------------------+-------------+
; Number detected on machine ; 12          ;
; Maximum allowed            ; 6           ;
;                            ;             ;
; Average used               ; 1.00        ;
; Maximum used               ; 6           ;
;                            ;             ;
; Usage by Processor         ; % Time Used ;
;     Processor 1            ; 100.0%      ;
;     Processors 2-6         ;   0.0%      ;
+----------------------------+-------------+


+--------------------------------------------------------------------------------------------------------------------------------------------------------------------------+
; Analysis & Synthesis Source Files Read                                                                                                                                   ;
+----------------------------------+-----------------+------------------------------+----------------------------------------------------------------------------+---------+
; File Name with User-Entered Path ; Used in Netlist ; File Type                    ; File Name with Absolute Path                                               ; Library ;
+----------------------------------+-----------------+------------------------------+----------------------------------------------------------------------------+---------+
; ALU.v                            ; yes             ; User Verilog HDL File        ; G:/ALU/ALU.v                                                               ;         ;
; DIV.v                            ; yes             ; User Wizard-Generated File   ; G:/ALU/DIV.v                                                               ;         ;
; MUL.v                            ; yes             ; User Wizard-Generated File   ; G:/ALU/MUL.v                                                               ;         ;
; lpm_mult.tdf                     ; yes             ; Megafunction                 ; c:/intelfpga_lite/20.1/quartus/libraries/megafunctions/lpm_mult.tdf        ;         ;
; aglobal201.inc                   ; yes             ; Megafunction                 ; c:/intelfpga_lite/20.1/quartus/libraries/megafunctions/aglobal201.inc      ;         ;
; lpm_add_sub.inc                  ; yes             ; Megafunction                 ; c:/intelfpga_lite/20.1/quartus/libraries/megafunctions/lpm_add_sub.inc     ;         ;
; multcore.inc                     ; yes             ; Megafunction                 ; c:/intelfpga_lite/20.1/quartus/libraries/megafunctions/multcore.inc        ;         ;
; bypassff.inc                     ; yes             ; Megafunction                 ; c:/intelfpga_lite/20.1/quartus/libraries/megafunctions/bypassff.inc        ;         ;
; altshift.inc                     ; yes             ; Megafunction                 ; c:/intelfpga_lite/20.1/quartus/libraries/megafunctions/altshift.inc        ;         ;
; db/mult_djm.tdf                  ; yes             ; Auto-Generated Megafunction  ; G:/ALU/db/mult_djm.tdf                                                     ;         ;
; lpm_divide.tdf                   ; yes             ; Megafunction                 ; c:/intelfpga_lite/20.1/quartus/libraries/megafunctions/lpm_divide.tdf      ;         ;
; abs_divider.inc                  ; yes             ; Megafunction                 ; c:/intelfpga_lite/20.1/quartus/libraries/megafunctions/abs_divider.inc     ;         ;
; sign_div_unsign.inc              ; yes             ; Megafunction                 ; c:/intelfpga_lite/20.1/quartus/libraries/megafunctions/sign_div_unsign.inc ;         ;
; db/lpm_divide_glr.tdf            ; yes             ; Auto-Generated Megafunction  ; G:/ALU/db/lpm_divide_glr.tdf                                               ;         ;
; db/sign_div_unsign_79h.tdf       ; yes             ; Auto-Generated Megafunction  ; G:/ALU/db/sign_div_unsign_79h.tdf                                          ;         ;
; db/alt_u_div_4le.tdf             ; yes             ; Auto-Generated Megafunction  ; G:/ALU/db/alt_u_div_4le.tdf                                                ;         ;
; db/add_sub_t3c.tdf               ; yes             ; Auto-Generated Megafunction  ; G:/ALU/db/add_sub_t3c.tdf                                                  ;         ;
; db/add_sub_u3c.tdf               ; yes             ; Auto-Generated Megafunction  ; G:/ALU/db/add_sub_u3c.tdf                                                  ;         ;
+----------------------------------+-----------------+------------------------------+----------------------------------------------------------------------------+---------+


+--------------------------------------------------------+
; Analysis & Synthesis Resource Usage Summary            ;
+---------------------------------------------+----------+
; Resource                                    ; Usage    ;
+---------------------------------------------+----------+
; Estimated Total logic elements              ; 683      ;
;                                             ;          ;
; Total combinational functions               ; 683      ;
; Logic element usage by number of LUT inputs ;          ;
;     -- 4 input functions                    ; 233      ;
;     -- 3 input functions                    ; 359      ;
;     -- <=2 input functions                  ; 91       ;
;                                             ;          ;
; Logic elements by mode                      ;          ;
;     -- normal mode                          ; 461      ;
;     -- arithmetic mode                      ; 222      ;
;                                             ;          ;
; Total registers                             ; 74       ;
;     -- Dedicated logic registers            ; 74       ;
;     -- I/O registers                        ; 0        ;
;                                             ;          ;
; I/O pins                                    ; 100      ;
;                                             ;          ;
; Embedded Multiplier 9-bit elements          ; 2        ;
;                                             ;          ;
; Maximum fan-out node                        ; ALUState ;
; Maximum fan-out                             ; 74       ;
; Total fan-out                               ; 2572     ;
; Average fan-out                             ; 2.68     ;
+---------------------------------------------+----------+


+---------------------------------------------------------------------------------------------------------------------------------------------------------------------------------------------------------------------------------------------------------------------------------------------------------------------------------------------------------------------------------------+
; Analysis & Synthesis Resource Utilization by Entity                                                                                                                                                                                                                                                                                                                                   ;
+----------------------------------------------+---------------------+---------------------------+-------------+------------+--------------+---------+-----------+------+--------------+------------+----------------------------------------------------------------------------------------------------------------------------------------------+---------------------+--------------+
; Compilation Hierarchy Node                   ; Combinational ALUTs ; Dedicated Logic Registers ; Memory Bits ; UFM Blocks ; DSP Elements ; DSP 9x9 ; DSP 18x18 ; Pins ; Virtual Pins ; ADC blocks ; Full Hierarchy Name                                                                                                                          ; Entity Name         ; Library Name ;
+----------------------------------------------+---------------------+---------------------------+-------------+------------+--------------+---------+-----------+------+--------------+------------+----------------------------------------------------------------------------------------------------------------------------------------------+---------------------+--------------+
; |ALU                                         ; 683 (1)             ; 74 (74)                   ; 0           ; 0          ; 2            ; 0       ; 1         ; 100  ; 0            ; 0          ; |ALU                                                                                                                                         ; ALU                 ; work         ;
;    |Calculator:calc|                         ; 622 (229)           ; 0 (0)                     ; 0           ; 0          ; 2            ; 0       ; 1         ; 0    ; 0            ; 0          ; |ALU|Calculator:calc                                                                                                                         ; Calculator          ; work         ;
;       |DIV:div|                              ; 361 (0)             ; 0 (0)                     ; 0           ; 0          ; 0            ; 0       ; 0         ; 0    ; 0            ; 0          ; |ALU|Calculator:calc|DIV:div                                                                                                                 ; DIV                 ; work         ;
;          |lpm_divide:LPM_DIVIDE_component|   ; 361 (0)             ; 0 (0)                     ; 0           ; 0          ; 0            ; 0       ; 0         ; 0    ; 0            ; 0          ; |ALU|Calculator:calc|DIV:div|lpm_divide:LPM_DIVIDE_component                                                                                 ; lpm_divide          ; work         ;
;             |lpm_divide_glr:auto_generated|  ; 361 (0)             ; 0 (0)                     ; 0           ; 0          ; 0            ; 0       ; 0         ; 0    ; 0            ; 0          ; |ALU|Calculator:calc|DIV:div|lpm_divide:LPM_DIVIDE_component|lpm_divide_glr:auto_generated                                                   ; lpm_divide_glr      ; work         ;
;                |sign_div_unsign_79h:divider| ; 361 (72)            ; 0 (0)                     ; 0           ; 0          ; 0            ; 0       ; 0         ; 0    ; 0            ; 0          ; |ALU|Calculator:calc|DIV:div|lpm_divide:LPM_DIVIDE_component|lpm_divide_glr:auto_generated|sign_div_unsign_79h:divider                       ; sign_div_unsign_79h ; work         ;
;                   |alt_u_div_4le:divider|    ; 289 (289)           ; 0 (0)                     ; 0           ; 0          ; 0            ; 0       ; 0         ; 0    ; 0            ; 0          ; |ALU|Calculator:calc|DIV:div|lpm_divide:LPM_DIVIDE_component|lpm_divide_glr:auto_generated|sign_div_unsign_79h:divider|alt_u_div_4le:divider ; alt_u_div_4le       ; work         ;
;       |DIV:mod|                              ; 32 (0)              ; 0 (0)                     ; 0           ; 0          ; 0            ; 0       ; 0         ; 0    ; 0            ; 0          ; |ALU|Calculator:calc|DIV:mod                                                                                                                 ; DIV                 ; work         ;
;          |lpm_divide:LPM_DIVIDE_component|   ; 32 (0)              ; 0 (0)                     ; 0           ; 0          ; 0            ; 0       ; 0         ; 0    ; 0            ; 0          ; |ALU|Calculator:calc|DIV:mod|lpm_divide:LPM_DIVIDE_component                                                                                 ; lpm_divide          ; work         ;
;             |lpm_divide_glr:auto_generated|  ; 32 (0)              ; 0 (0)                     ; 0           ; 0          ; 0            ; 0       ; 0         ; 0    ; 0            ; 0          ; |ALU|Calculator:calc|DIV:mod|lpm_divide:LPM_DIVIDE_component|lpm_divide_glr:auto_generated                                                   ; lpm_divide_glr      ; work         ;
;                |sign_div_unsign_79h:divider| ; 32 (16)             ; 0 (0)                     ; 0           ; 0          ; 0            ; 0       ; 0         ; 0    ; 0            ; 0          ; |ALU|Calculator:calc|DIV:mod|lpm_divide:LPM_DIVIDE_component|lpm_divide_glr:auto_generated|sign_div_unsign_79h:divider                       ; sign_div_unsign_79h ; work         ;
;                   |alt_u_div_4le:divider|    ; 16 (16)             ; 0 (0)                     ; 0           ; 0          ; 0            ; 0       ; 0         ; 0    ; 0            ; 0          ; |ALU|Calculator:calc|DIV:mod|lpm_divide:LPM_DIVIDE_component|lpm_divide_glr:auto_generated|sign_div_unsign_79h:divider|alt_u_div_4le:divider ; alt_u_div_4le       ; work         ;
;       |MUL:mul|                              ; 0 (0)               ; 0 (0)                     ; 0           ; 0          ; 2            ; 0       ; 1         ; 0    ; 0            ; 0          ; |ALU|Calculator:calc|MUL:mul                                                                                                                 ; MUL                 ; work         ;
;          |lpm_mult:lpm_mult_component|       ; 0 (0)               ; 0 (0)                     ; 0           ; 0          ; 2            ; 0       ; 1         ; 0    ; 0            ; 0          ; |ALU|Calculator:calc|MUL:mul|lpm_mult:lpm_mult_component                                                                                     ; lpm_mult            ; work         ;
;             |mult_djm:auto_generated|        ; 0 (0)               ; 0 (0)                     ; 0           ; 0          ; 2            ; 0       ; 1         ; 0    ; 0            ; 0          ; |ALU|Calculator:calc|MUL:mul|lpm_mult:lpm_mult_component|mult_djm:auto_generated                                                             ; mult_djm            ; work         ;
;    |Selector:selec|                          ; 60 (60)             ; 0 (0)                     ; 0           ; 0          ; 0            ; 0       ; 0         ; 0    ; 0            ; 0          ; |ALU|Selector:selec                                                                                                                          ; Selector            ; work         ;
+----------------------------------------------+---------------------+---------------------------+-------------+------------+--------------+---------+-----------+------+--------------+------------+----------------------------------------------------------------------------------------------------------------------------------------------+---------------------+--------------+
Note: For table entries with two numbers listed, the numbers in parentheses indicate the number of resources of the given type used by the specific entity alone. The numbers listed outside of parentheses indicate the total resources of the given type used by the specific entity and all of its sub-entities in the hierarchy.


+-----------------------------------------------------+
; Analysis & Synthesis DSP Block Usage Summary        ;
+---------------------------------------+-------------+
; Statistic                             ; Number Used ;
+---------------------------------------+-------------+
; Simple Multipliers (9-bit)            ; 0           ;
; Simple Multipliers (18-bit)           ; 1           ;
; Embedded Multiplier Blocks            ; --          ;
; Embedded Multiplier 9-bit elements    ; 2           ;
; Signed Embedded Multipliers           ; 1           ;
; Unsigned Embedded Multipliers         ; 0           ;
; Mixed Sign Embedded Multipliers       ; 0           ;
; Variable Sign Embedded Multipliers    ; 0           ;
; Dedicated Input Shift Register Chains ; 0           ;
+---------------------------------------+-------------+
Note: number of Embedded Multiplier Blocks used is only available after a successful fit.


+----------------------------------------------------------------------------------------------------------------+
; Analysis & Synthesis IP Cores Summary                                                                          ;
+--------+--------------+---------+--------------+--------------+------------------------------+-----------------+
; Vendor ; IP Core Name ; Version ; Release Date ; License Type ; Entity Instance              ; IP Include File ;
+--------+--------------+---------+--------------+--------------+------------------------------+-----------------+
; Altera ; LPM_DIVIDE   ; 20.1    ; N/A          ; N/A          ; |ALU|Calculator:calc|DIV:div ; DIV.v           ;
; Altera ; LPM_DIVIDE   ; 20.1    ; N/A          ; N/A          ; |ALU|Calculator:calc|DIV:mod ; DIV.v           ;
; Altera ; LPM_MULT     ; 20.1    ; N/A          ; N/A          ; |ALU|Calculator:calc|MUL:mul ; MUL.v           ;
+--------+--------------+---------+--------------+--------------+------------------------------+-----------------+


+--------------------------------------------------------------------------------------------------------+
; User-Specified and Inferred Latches                                                                    ;
+-----------------------------------------------------+-------------------------+------------------------+
; Latch Name                                          ; Latch Enable Signal     ; Free of Timing Hazards ;
+-----------------------------------------------------+-------------------------+------------------------+
; Calculator:calc|interConditionFlagWrite             ; Calculator:calc|WideOr0 ; yes                    ;
; Selector:selec|ProgramCounter[0]                    ; Selector:selec|Decoder0 ; yes                    ;
; Selector:selec|ProgramCounter[1]                    ; Selector:selec|Decoder0 ; yes                    ;
; Selector:selec|ProgramCounter[2]                    ; Selector:selec|Decoder0 ; yes                    ;
; Selector:selec|ProgramCounter[3]                    ; Selector:selec|Decoder0 ; yes                    ;
; Selector:selec|ProgramCounter[4]                    ; Selector:selec|Decoder0 ; yes                    ;
; Selector:selec|ProgramCounter[5]                    ; Selector:selec|Decoder0 ; yes                    ;
; Selector:selec|ProgramCounter[6]                    ; Selector:selec|Decoder0 ; yes                    ;
; Selector:selec|ProgramCounter[7]                    ; Selector:selec|Decoder0 ; yes                    ;
; Selector:selec|AccumulatorWrite[0]                  ; Selector:selec|Decoder0 ; yes                    ;
; Selector:selec|AccumulatorWrite[1]                  ; Selector:selec|Decoder0 ; yes                    ;
; Selector:selec|AccumulatorWrite[2]                  ; Selector:selec|Decoder0 ; yes                    ;
; Selector:selec|AccumulatorWrite[3]                  ; Selector:selec|Decoder0 ; yes                    ;
; Selector:selec|AccumulatorWrite[4]                  ; Selector:selec|Decoder0 ; yes                    ;
; Selector:selec|AccumulatorWrite[5]                  ; Selector:selec|Decoder0 ; yes                    ;
; Selector:selec|AccumulatorWrite[6]                  ; Selector:selec|Decoder0 ; yes                    ;
; Selector:selec|AccumulatorWrite[7]                  ; Selector:selec|Decoder0 ; yes                    ;
; Selector:selec|AccumulatorWrite[8]                  ; Selector:selec|Decoder0 ; yes                    ;
; Selector:selec|AccumulatorWrite[9]                  ; Selector:selec|Decoder0 ; yes                    ;
; Selector:selec|AccumulatorWrite[10]                 ; Selector:selec|Decoder0 ; yes                    ;
; Selector:selec|AccumulatorWrite[11]                 ; Selector:selec|Decoder0 ; yes                    ;
; Selector:selec|AccumulatorWrite[12]                 ; Selector:selec|Decoder0 ; yes                    ;
; Selector:selec|AccumulatorWrite[13]                 ; Selector:selec|Decoder0 ; yes                    ;
; Selector:selec|AccumulatorWrite[14]                 ; Selector:selec|Decoder0 ; yes                    ;
; Selector:selec|AccumulatorWrite[15]                 ; Selector:selec|Decoder0 ; yes                    ;
; Selector:selec|DataWrite[0]                         ; Selector:selec|Decoder0 ; yes                    ;
; Selector:selec|DataWrite[1]                         ; Selector:selec|Decoder0 ; yes                    ;
; Selector:selec|DataWrite[2]                         ; Selector:selec|Decoder0 ; yes                    ;
; Selector:selec|DataWrite[3]                         ; Selector:selec|Decoder0 ; yes                    ;
; Selector:selec|DataWrite[4]                         ; Selector:selec|Decoder0 ; yes                    ;
; Selector:selec|DataWrite[5]                         ; Selector:selec|Decoder0 ; yes                    ;
; Selector:selec|DataWrite[6]                         ; Selector:selec|Decoder0 ; yes                    ;
; Selector:selec|DataWrite[7]                         ; Selector:selec|Decoder0 ; yes                    ;
; Selector:selec|DataWrite[8]                         ; Selector:selec|Decoder0 ; yes                    ;
; Selector:selec|DataWrite[9]                         ; Selector:selec|Decoder0 ; yes                    ;
; Selector:selec|DataWrite[10]                        ; Selector:selec|Decoder0 ; yes                    ;
; Selector:selec|DataWrite[11]                        ; Selector:selec|Decoder0 ; yes                    ;
; Selector:selec|DataWrite[12]                        ; Selector:selec|Decoder0 ; yes                    ;
; Selector:selec|DataWrite[13]                        ; Selector:selec|Decoder0 ; yes                    ;
; Selector:selec|DataWrite[14]                        ; Selector:selec|Decoder0 ; yes                    ;
; Selector:selec|DataWrite[15]                        ; Selector:selec|Decoder0 ; yes                    ;
; Selector:selec|OutputBinary[0]                      ; Selector:selec|Decoder0 ; yes                    ;
; Selector:selec|OutputBinary[1]                      ; Selector:selec|Decoder0 ; yes                    ;
; Selector:selec|OutputBinary[2]                      ; Selector:selec|Decoder0 ; yes                    ;
; Selector:selec|OutputBinary[3]                      ; Selector:selec|Decoder0 ; yes                    ;
; Selector:selec|OutputBinary[4]                      ; Selector:selec|Decoder0 ; yes                    ;
; Selector:selec|OutputBinary[5]                      ; Selector:selec|Decoder0 ; yes                    ;
; Selector:selec|OutputBinary[6]                      ; Selector:selec|Decoder0 ; yes                    ;
; Selector:selec|OutputBinary[7]                      ; Selector:selec|Decoder0 ; yes                    ;
; Selector:selec|OutputBinary[8]                      ; Selector:selec|Decoder0 ; yes                    ;
; Selector:selec|OutputBinary[9]                      ; Selector:selec|Decoder0 ; yes                    ;
; Selector:selec|OutputBinary[10]                     ; Selector:selec|Decoder0 ; yes                    ;
; Selector:selec|OutputBinary[11]                     ; Selector:selec|Decoder0 ; yes                    ;
; Selector:selec|OutputBinary[12]                     ; Selector:selec|Decoder0 ; yes                    ;
; Selector:selec|OutputBinary[13]                     ; Selector:selec|Decoder0 ; yes                    ;
; Selector:selec|OutputBinary[14]                     ; Selector:selec|Decoder0 ; yes                    ;
; Selector:selec|OutputBinary[15]                     ; Selector:selec|Decoder0 ; yes                    ;
; Calculator:calc|interResult[0]                      ; Calculator:calc|Mux16   ; yes                    ;
; Calculator:calc|interResult[1]                      ; Calculator:calc|Mux16   ; yes                    ;
; Calculator:calc|interResult[2]                      ; Calculator:calc|Mux16   ; yes                    ;
; Calculator:calc|interResult[3]                      ; Calculator:calc|Mux16   ; yes                    ;
; Calculator:calc|interResult[4]                      ; Calculator:calc|Mux16   ; yes                    ;
; Calculator:calc|interResult[5]                      ; Calculator:calc|Mux16   ; yes                    ;
; Calculator:calc|interResult[6]                      ; Calculator:calc|Mux16   ; yes                    ;
; Calculator:calc|interResult[7]                      ; Calculator:calc|Mux16   ; yes                    ;
; Calculator:calc|interResult[8]                      ; Calculator:calc|Mux16   ; yes                    ;
; Calculator:calc|interResult[9]                      ; Calculator:calc|Mux16   ; yes                    ;
; Calculator:calc|interResult[10]                     ; Calculator:calc|Mux16   ; yes                    ;
; Calculator:calc|interResult[11]                     ; Calculator:calc|Mux16   ; yes                    ;
; Calculator:calc|interResult[12]                     ; Calculator:calc|Mux16   ; yes                    ;
; Calculator:calc|interResult[13]                     ; Calculator:calc|Mux16   ; yes                    ;
; Calculator:calc|interResult[14]                     ; Calculator:calc|Mux16   ; yes                    ;
; Calculator:calc|interResult[15]                     ; Calculator:calc|Mux16   ; yes                    ;
; Number of user-specified and inferred latches = 73  ;                         ;                        ;
+-----------------------------------------------------+-------------------------+------------------------+
Note: All latches listed above may not be present at the end of synthesis due to various synthesis optimizations.


+--------------------------------------------------------------------------------+
; Registers Removed During Synthesis                                             ;
+---------------------------------------+----------------------------------------+
; Register name                         ; Reason for Removal                     ;
+---------------------------------------+----------------------------------------+
; EndFlagWriteOutput~reg0               ; Stuck at VCC due to stuck port data_in ;
; Total Number of Removed Registers = 1 ;                                        ;
+---------------------------------------+----------------------------------------+


+------------------------------------------------------+
; General Register Statistics                          ;
+----------------------------------------------+-------+
; Statistic                                    ; Value ;
+----------------------------------------------+-------+
; Total registers                              ; 74    ;
; Number of registers using Synchronous Clear  ; 0     ;
; Number of registers using Synchronous Load   ; 0     ;
; Number of registers using Asynchronous Clear ; 0     ;
; Number of registers using Asynchronous Load  ; 0     ;
; Number of registers using Clock Enable       ; 73    ;
; Number of registers using Preset             ; 0     ;
+----------------------------------------------+-------+


+------------------------------------------------------------------------------------------------------------------------------------------+
; Multiplexer Restructuring Statistics (Restructuring Performed)                                                                           ;
+--------------------+-----------+---------------+----------------------+------------------------+------------+----------------------------+
; Multiplexer Inputs ; Bus Width ; Baseline Area ; Area if Restructured ; Saving if Restructured ; Registered ; Example Multiplexer Output ;
+--------------------+-----------+---------------+----------------------+------------------------+------------+----------------------------+
; 23:1               ; 15 bits   ; 225 LEs       ; 120 LEs              ; 105 LEs                ; No         ; |ALU|Calculator:calc|Mux8  ;
; 1:1                ; 16 bits   ; 0 LEs         ; 0 LEs                ; 0 LEs                  ; No         ; |ALU|Calculator:calc|Add0  ;
+--------------------+-----------+---------------+----------------------+------------------------+------------+----------------------------+


+--------------------------------------------------------------------------------------------------+
; Parameter Settings for User Entity Instance: Calculator:calc|MUL:mul|lpm_mult:lpm_mult_component ;
+------------------------------------------------+----------+--------------------------------------+
; Parameter Name                                 ; Value    ; Type                                 ;
+------------------------------------------------+----------+--------------------------------------+
; AUTO_CARRY_CHAINS                              ; ON       ; AUTO_CARRY                           ;
; IGNORE_CARRY_BUFFERS                           ; OFF      ; IGNORE_CARRY                         ;
; AUTO_CASCADE_CHAINS                            ; ON       ; AUTO_CASCADE                         ;
; IGNORE_CASCADE_BUFFERS                         ; OFF      ; IGNORE_CASCADE                       ;
; LPM_WIDTHA                                     ; 16       ; Signed Integer                       ;
; LPM_WIDTHB                                     ; 16       ; Signed Integer                       ;
; LPM_WIDTHP                                     ; 16       ; Signed Integer                       ;
; LPM_WIDTHR                                     ; 0        ; Untyped                              ;
; LPM_WIDTHS                                     ; 1        ; Untyped                              ;
; LPM_REPRESENTATION                             ; SIGNED   ; Untyped                              ;
; LPM_PIPELINE                                   ; 0        ; Untyped                              ;
; LATENCY                                        ; 0        ; Untyped                              ;
; INPUT_A_IS_CONSTANT                            ; NO       ; Untyped                              ;
; INPUT_B_IS_CONSTANT                            ; NO       ; Untyped                              ;
; USE_EAB                                        ; OFF      ; Untyped                              ;
; MAXIMIZE_SPEED                                 ; 5        ; Untyped                              ;
; DEVICE_FAMILY                                  ; MAX 10   ; Untyped                              ;
; CARRY_CHAIN                                    ; MANUAL   ; Untyped                              ;
; APEX20K_TECHNOLOGY_MAPPER                      ; LUT      ; TECH_MAPPER_APEX20K                  ;
; DEDICATED_MULTIPLIER_CIRCUITRY                 ; AUTO     ; Untyped                              ;
; DEDICATED_MULTIPLIER_MIN_INPUT_WIDTH_FOR_AUTO  ; 0        ; Untyped                              ;
; DEDICATED_MULTIPLIER_MIN_OUTPUT_WIDTH_FOR_AUTO ; 0        ; Untyped                              ;
; CBXI_PARAMETER                                 ; mult_djm ; Untyped                              ;
; INPUT_A_FIXED_VALUE                            ; Bx       ; Untyped                              ;
; INPUT_B_FIXED_VALUE                            ; Bx       ; Untyped                              ;
; USE_AHDL_IMPLEMENTATION                        ; OFF      ; Untyped                              ;
+------------------------------------------------+----------+--------------------------------------+
Note: In order to hide this table in the UI and the text report file, please set the "Show Parameter Settings in Synthesis Report" option in "Analysis and Synthesis Settings -> More Settings" to "Off".


+------------------------------------------------------------------------------------------------------+
; Parameter Settings for User Entity Instance: Calculator:calc|DIV:div|lpm_divide:LPM_DIVIDE_component ;
+------------------------+----------------+------------------------------------------------------------+
; Parameter Name         ; Value          ; Type                                                       ;
+------------------------+----------------+------------------------------------------------------------+
; LPM_WIDTHN             ; 16             ; Signed Integer                                             ;
; LPM_WIDTHD             ; 16             ; Signed Integer                                             ;
; LPM_NREPRESENTATION    ; SIGNED         ; Untyped                                                    ;
; LPM_DREPRESENTATION    ; SIGNED         ; Untyped                                                    ;
; LPM_PIPELINE           ; 0              ; Untyped                                                    ;
; LPM_REMAINDERPOSITIVE  ; TRUE           ; Untyped                                                    ;
; MAXIMIZE_SPEED         ; 5              ; Untyped                                                    ;
; CBXI_PARAMETER         ; lpm_divide_glr ; Untyped                                                    ;
; CARRY_CHAIN            ; MANUAL         ; Untyped                                                    ;
; OPTIMIZE_FOR_SPEED     ; 5              ; Untyped                                                    ;
; AUTO_CARRY_CHAINS      ; ON             ; AUTO_CARRY                                                 ;
; IGNORE_CARRY_BUFFERS   ; OFF            ; IGNORE_CARRY                                               ;
; AUTO_CASCADE_CHAINS    ; ON             ; AUTO_CASCADE                                               ;
; IGNORE_CASCADE_BUFFERS ; OFF            ; IGNORE_CASCADE                                             ;
+------------------------+----------------+------------------------------------------------------------+
Note: In order to hide this table in the UI and the text report file, please set the "Show Parameter Settings in Synthesis Report" option in "Analysis and Synthesis Settings -> More Settings" to "Off".


+------------------------------------------------------------------------------------------------------+
; Parameter Settings for User Entity Instance: Calculator:calc|DIV:mod|lpm_divide:LPM_DIVIDE_component ;
+------------------------+----------------+------------------------------------------------------------+
; Parameter Name         ; Value          ; Type                                                       ;
+------------------------+----------------+------------------------------------------------------------+
; LPM_WIDTHN             ; 16             ; Signed Integer                                             ;
; LPM_WIDTHD             ; 16             ; Signed Integer                                             ;
; LPM_NREPRESENTATION    ; SIGNED         ; Untyped                                                    ;
; LPM_DREPRESENTATION    ; SIGNED         ; Untyped                                                    ;
; LPM_PIPELINE           ; 0              ; Untyped                                                    ;
; LPM_REMAINDERPOSITIVE  ; TRUE           ; Untyped                                                    ;
; MAXIMIZE_SPEED         ; 5              ; Untyped                                                    ;
; CBXI_PARAMETER         ; lpm_divide_glr ; Untyped                                                    ;
; CARRY_CHAIN            ; MANUAL         ; Untyped                                                    ;
; OPTIMIZE_FOR_SPEED     ; 5              ; Untyped                                                    ;
; AUTO_CARRY_CHAINS      ; ON             ; AUTO_CARRY                                                 ;
; IGNORE_CARRY_BUFFERS   ; OFF            ; IGNORE_CARRY                                               ;
; AUTO_CASCADE_CHAINS    ; ON             ; AUTO_CASCADE                                               ;
; IGNORE_CASCADE_BUFFERS ; OFF            ; IGNORE_CASCADE                                             ;
+------------------------+----------------+------------------------------------------------------------+
Note: In order to hide this table in the UI and the text report file, please set the "Show Parameter Settings in Synthesis Report" option in "Analysis and Synthesis Settings -> More Settings" to "Off".


+---------------------------------------------------------------------------------------------+
; lpm_mult Parameter Settings by Entity Instance                                              ;
+---------------------------------------+-----------------------------------------------------+
; Name                                  ; Value                                               ;
+---------------------------------------+-----------------------------------------------------+
; Number of entity instances            ; 1                                                   ;
; Entity Instance                       ; Calculator:calc|MUL:mul|lpm_mult:lpm_mult_component ;
;     -- LPM_WIDTHA                     ; 16                                                  ;
;     -- LPM_WIDTHB                     ; 16                                                  ;
;     -- LPM_WIDTHP                     ; 16                                                  ;
;     -- LPM_REPRESENTATION             ; SIGNED                                              ;
;     -- INPUT_A_IS_CONSTANT            ; NO                                                  ;
;     -- INPUT_B_IS_CONSTANT            ; NO                                                  ;
;     -- USE_EAB                        ; OFF                                                 ;
;     -- DEDICATED_MULTIPLIER_CIRCUITRY ; AUTO                                                ;
;     -- INPUT_A_FIXED_VALUE            ; Bx                                                  ;
;     -- INPUT_B_FIXED_VALUE            ; Bx                                                  ;
+---------------------------------------+-----------------------------------------------------+


+-----------------------------------------------------------------------------------------------------------------------------------------+
; Port Connectivity Checks: "Calculator:calc|DIV:mod"                                                                                     ;
+----------+--------+----------+----------------------------------------------------------------------------------------------------------+
; Port     ; Type   ; Severity ; Details                                                                                                  ;
+----------+--------+----------+----------------------------------------------------------------------------------------------------------+
; quotient ; Output ; Warning  ; Declared by entity but not connected by instance. Logic that only feeds a dangling port will be removed. ;
+----------+--------+----------+----------------------------------------------------------------------------------------------------------+


+---------------------------------------------------------------------------------------------------------------------------------------+
; Port Connectivity Checks: "Calculator:calc|DIV:div"                                                                                   ;
+--------+--------+----------+----------------------------------------------------------------------------------------------------------+
; Port   ; Type   ; Severity ; Details                                                                                                  ;
+--------+--------+----------+----------------------------------------------------------------------------------------------------------+
; remain ; Output ; Warning  ; Declared by entity but not connected by instance. Logic that only feeds a dangling port will be removed. ;
+--------+--------+----------+----------------------------------------------------------------------------------------------------------+


+-----------------------------------------------------+
; Post-Synthesis Netlist Statistics for Top Partition ;
+-----------------------+-----------------------------+
; Type                  ; Count                       ;
+-----------------------+-----------------------------+
; boundary_port         ; 100                         ;
; cycloneiii_ff         ; 74                          ;
;     ENA               ; 73                          ;
;     plain             ; 1                           ;
; cycloneiii_lcell_comb ; 684                         ;
;     arith             ; 222                         ;
;         2 data inputs ; 14                          ;
;         3 data inputs ; 208                         ;
;     normal            ; 462                         ;
;         0 data inputs ; 15                          ;
;         1 data inputs ; 2                           ;
;         2 data inputs ; 61                          ;
;         3 data inputs ; 151                         ;
;         4 data inputs ; 233                         ;
; cycloneiii_mac_mult   ; 1                           ;
; cycloneiii_mac_out    ; 1                           ;
;                       ;                             ;
; Max LUT depth         ; 59.60                       ;
; Average LUT depth     ; 36.71                       ;
+-----------------------+-----------------------------+


+-------------------------------+
; Elapsed Time Per Partition    ;
+----------------+--------------+
; Partition Name ; Elapsed Time ;
+----------------+--------------+
; Top            ; 00:00:03     ;
+----------------+--------------+


+-------------------------------+
; Analysis & Synthesis Messages ;
+-------------------------------+
Info: *******************************************************************
Info: Running Quartus Prime Analysis & Synthesis
    Info: Version 20.1.1 Build 720 11/11/2020 SJ Lite Edition
    Info: Processing started: Wed Jan 13 18:37:25 2021
Info: Command: quartus_map --read_settings_files=on --write_settings_files=off ALU -c ALU
Warning (18236): Number of processors has not been specified which may cause overloading on shared machines.  Set the global assignment NUM_PARALLEL_PROCESSORS in your QSF to an appropriate value for best performance.
Info (20030): Parallel compilation is enabled and will use 6 of the 6 processors detected
Info (12021): Found 3 design units, including 3 entities, in source file alu.v
    Info (12023): Found entity 1: ALU File: G:/ALU/ALU.v Line: 1
    Info (12023): Found entity 2: Calculator File: G:/ALU/ALU.v Line: 61
    Info (12023): Found entity 3: Selector File: G:/ALU/ALU.v Line: 111
Info (12021): Found 1 design units, including 1 entities, in source file div.v
    Info (12023): Found entity 1: DIV File: G:/ALU/DIV.v Line: 40
Info (12021): Found 1 design units, including 1 entities, in source file mul.v
    Info (12023): Found entity 1: MUL File: G:/ALU/MUL.v Line: 40
Info (12127): Elaborating entity "ALU" for the top level hierarchy
Info (12128): Elaborating entity "Calculator" for hierarchy "Calculator:calc" File: G:/ALU/ALU.v Line: 28
Warning (10240): Verilog HDL Always Construct warning at ALU.v(79): inferring latch(es) for variable "interResult", which holds its previous value in one or more paths through the always construct File: G:/ALU/ALU.v Line: 79
Warning (10240): Verilog HDL Always Construct warning at ALU.v(79): inferring latch(es) for variable "interConditionFlagWrite", which holds its previous value in one or more paths through the always construct File: G:/ALU/ALU.v Line: 79
Warning (10240): Verilog HDL Always Construct warning at ALU.v(79): inferring latch(es) for variable "interEndFlagWrite", which holds its previous value in one or more paths through the always construct File: G:/ALU/ALU.v Line: 79
Info (10041): Inferred latch for "interEndFlagWrite" at ALU.v(79) File: G:/ALU/ALU.v Line: 79
Info (10041): Inferred latch for "interConditionFlagWrite" at ALU.v(79) File: G:/ALU/ALU.v Line: 79
Info (10041): Inferred latch for "interResult[0]" at ALU.v(79) File: G:/ALU/ALU.v Line: 79
Info (10041): Inferred latch for "interResult[1]" at ALU.v(79) File: G:/ALU/ALU.v Line: 79
Info (10041): Inferred latch for "interResult[2]" at ALU.v(79) File: G:/ALU/ALU.v Line: 79
Info (10041): Inferred latch for "interResult[3]" at ALU.v(79) File: G:/ALU/ALU.v Line: 79
Info (10041): Inferred latch for "interResult[4]" at ALU.v(79) File: G:/ALU/ALU.v Line: 79
Info (10041): Inferred latch for "interResult[5]" at ALU.v(79) File: G:/ALU/ALU.v Line: 79
Info (10041): Inferred latch for "interResult[6]" at ALU.v(79) File: G:/ALU/ALU.v Line: 79
Info (10041): Inferred latch for "interResult[7]" at ALU.v(79) File: G:/ALU/ALU.v Line: 79
Info (10041): Inferred latch for "interResult[8]" at ALU.v(79) File: G:/ALU/ALU.v Line: 79
Info (10041): Inferred latch for "interResult[9]" at ALU.v(79) File: G:/ALU/ALU.v Line: 79
Info (10041): Inferred latch for "interResult[10]" at ALU.v(79) File: G:/ALU/ALU.v Line: 79
Info (10041): Inferred latch for "interResult[11]" at ALU.v(79) File: G:/ALU/ALU.v Line: 79
Info (10041): Inferred latch for "interResult[12]" at ALU.v(79) File: G:/ALU/ALU.v Line: 79
Info (10041): Inferred latch for "interResult[13]" at ALU.v(79) File: G:/ALU/ALU.v Line: 79
Info (10041): Inferred latch for "interResult[14]" at ALU.v(79) File: G:/ALU/ALU.v Line: 79
Info (10041): Inferred latch for "interResult[15]" at ALU.v(79) File: G:/ALU/ALU.v Line: 79
Info (12128): Elaborating entity "MUL" for hierarchy "Calculator:calc|MUL:mul" File: G:/ALU/ALU.v Line: 74
Info (12128): Elaborating entity "lpm_mult" for hierarchy "Calculator:calc|MUL:mul|lpm_mult:lpm_mult_component" File: G:/ALU/MUL.v Line: 60
Info (12130): Elaborated megafunction instantiation "Calculator:calc|MUL:mul|lpm_mult:lpm_mult_component" File: G:/ALU/MUL.v Line: 60
Info (12133): Instantiated megafunction "Calculator:calc|MUL:mul|lpm_mult:lpm_mult_component" with the following parameter: File: G:/ALU/MUL.v Line: 60
    Info (12134): Parameter "lpm_hint" = "MAXIMIZE_SPEED=5"
    Info (12134): Parameter "lpm_representation" = "SIGNED"
    Info (12134): Parameter "lpm_type" = "LPM_MULT"
    Info (12134): Parameter "lpm_widtha" = "16"
    Info (12134): Parameter "lpm_widthb" = "16"
    Info (12134): Parameter "lpm_widthp" = "16"
Info (12021): Found 1 design units, including 1 entities, in source file db/mult_djm.tdf
    Info (12023): Found entity 1: mult_djm File: G:/ALU/db/mult_djm.tdf Line: 29
Info (12128): Elaborating entity "mult_djm" for hierarchy "Calculator:calc|MUL:mul|lpm_mult:lpm_mult_component|mult_djm:auto_generated" File: c:/intelfpga_lite/20.1/quartus/libraries/megafunctions/lpm_mult.tdf Line: 377
Info (12128): Elaborating entity "DIV" for hierarchy "Calculator:calc|DIV:div" File: G:/ALU/ALU.v Line: 75
Info (12128): Elaborating entity "lpm_divide" for hierarchy "Calculator:calc|DIV:div|lpm_divide:LPM_DIVIDE_component" File: G:/ALU/DIV.v Line: 63
Info (12130): Elaborated megafunction instantiation "Calculator:calc|DIV:div|lpm_divide:LPM_DIVIDE_component" File: G:/ALU/DIV.v Line: 63
Info (12133): Instantiated megafunction "Calculator:calc|DIV:div|lpm_divide:LPM_DIVIDE_component" with the following parameter: File: G:/ALU/DIV.v Line: 63
    Info (12134): Parameter "lpm_drepresentation" = "SIGNED"
    Info (12134): Parameter "lpm_hint" = "LPM_REMAINDERPOSITIVE=TRUE"
    Info (12134): Parameter "lpm_nrepresentation" = "SIGNED"
    Info (12134): Parameter "lpm_type" = "LPM_DIVIDE"
    Info (12134): Parameter "lpm_widthd" = "16"
    Info (12134): Parameter "lpm_widthn" = "16"
Info (12021): Found 1 design units, including 1 entities, in source file db/lpm_divide_glr.tdf
    Info (12023): Found entity 1: lpm_divide_glr File: G:/ALU/db/lpm_divide_glr.tdf Line: 25
Info (12128): Elaborating entity "lpm_divide_glr" for hierarchy "Calculator:calc|DIV:div|lpm_divide:LPM_DIVIDE_component|lpm_divide_glr:auto_generated" File: c:/intelfpga_lite/20.1/quartus/libraries/megafunctions/lpm_divide.tdf Line: 148
Info (12021): Found 1 design units, including 1 entities, in source file db/sign_div_unsign_79h.tdf
    Info (12023): Found entity 1: sign_div_unsign_79h File: G:/ALU/db/sign_div_unsign_79h.tdf Line: 25
Info (12128): Elaborating entity "sign_div_unsign_79h" for hierarchy "Calculator:calc|DIV:div|lpm_divide:LPM_DIVIDE_component|lpm_divide_glr:auto_generated|sign_div_unsign_79h:divider" File: G:/ALU/db/lpm_divide_glr.tdf Line: 36
Info (12021): Found 1 design units, including 1 entities, in source file db/alt_u_div_4le.tdf
    Info (12023): Found entity 1: alt_u_div_4le File: G:/ALU/db/alt_u_div_4le.tdf Line: 27
Info (12128): Elaborating entity "alt_u_div_4le" for hierarchy "Calculator:calc|DIV:div|lpm_divide:LPM_DIVIDE_component|lpm_divide_glr:auto_generated|sign_div_unsign_79h:divider|alt_u_div_4le:divider" File: G:/ALU/db/sign_div_unsign_79h.tdf Line: 33
Info (12021): Found 1 design units, including 1 entities, in source file db/add_sub_t3c.tdf
    Info (12023): Found entity 1: add_sub_t3c File: G:/ALU/db/add_sub_t3c.tdf Line: 23
Info (12128): Elaborating entity "add_sub_t3c" for hierarchy "Calculator:calc|DIV:div|lpm_divide:LPM_DIVIDE_component|lpm_divide_glr:auto_generated|sign_div_unsign_79h:divider|alt_u_div_4le:divider|add_sub_t3c:add_sub_0" File: G:/ALU/db/alt_u_div_4le.tdf Line: 35
Info (12021): Found 1 design units, including 1 entities, in source file db/add_sub_u3c.tdf
    Info (12023): Found entity 1: add_sub_u3c File: G:/ALU/db/add_sub_u3c.tdf Line: 23
Info (12128): Elaborating entity "add_sub_u3c" for hierarchy "Calculator:calc|DIV:div|lpm_divide:LPM_DIVIDE_component|lpm_divide_glr:auto_generated|sign_div_unsign_79h:divider|alt_u_div_4le:divider|add_sub_u3c:add_sub_1" File: G:/ALU/db/alt_u_div_4le.tdf Line: 36
Info (12128): Elaborating entity "Selector" for hierarchy "Selector:selec" File: G:/ALU/ALU.v Line: 29
Warning (10240): Verilog HDL Always Construct warning at ALU.v(120): inferring latch(es) for variable "OutputBinary", which holds its previous value in one or more paths through the always construct File: G:/ALU/ALU.v Line: 120
Warning (10240): Verilog HDL Always Construct warning at ALU.v(120): inferring latch(es) for variable "DataWrite", which holds its previous value in one or more paths through the always construct File: G:/ALU/ALU.v Line: 120
Warning (10240): Verilog HDL Always Construct warning at ALU.v(120): inferring latch(es) for variable "ProgramCounter", which holds its previous value in one or more paths through the always construct File: G:/ALU/ALU.v Line: 120
Warning (10240): Verilog HDL Always Construct warning at ALU.v(120): inferring latch(es) for variable "AccumulatorWrite", which holds its previous value in one or more paths through the always construct File: G:/ALU/ALU.v Line: 120
Info (10041): Inferred latch for "AccumulatorWrite[0]" at ALU.v(120) File: G:/ALU/ALU.v Line: 120
Info (10041): Inferred latch for "AccumulatorWrite[1]" at ALU.v(120) File: G:/ALU/ALU.v Line: 120
Info (10041): Inferred latch for "AccumulatorWrite[2]" at ALU.v(120) File: G:/ALU/ALU.v Line: 120
Info (10041): Inferred latch for "AccumulatorWrite[3]" at ALU.v(120) File: G:/ALU/ALU.v Line: 120
Info (10041): Inferred latch for "AccumulatorWrite[4]" at ALU.v(120) File: G:/ALU/ALU.v Line: 120
Info (10041): Inferred latch for "AccumulatorWrite[5]" at ALU.v(120) File: G:/ALU/ALU.v Line: 120
Info (10041): Inferred latch for "AccumulatorWrite[6]" at ALU.v(120) File: G:/ALU/ALU.v Line: 120
Info (10041): Inferred latch for "AccumulatorWrite[7]" at ALU.v(120) File: G:/ALU/ALU.v Line: 120
Info (10041): Inferred latch for "AccumulatorWrite[8]" at ALU.v(120) File: G:/ALU/ALU.v Line: 120
Info (10041): Inferred latch for "AccumulatorWrite[9]" at ALU.v(120) File: G:/ALU/ALU.v Line: 120
Info (10041): Inferred latch for "AccumulatorWrite[10]" at ALU.v(120) File: G:/ALU/ALU.v Line: 120
Info (10041): Inferred latch for "AccumulatorWrite[11]" at ALU.v(120) File: G:/ALU/ALU.v Line: 120
Info (10041): Inferred latch for "AccumulatorWrite[12]" at ALU.v(120) File: G:/ALU/ALU.v Line: 120
Info (10041): Inferred latch for "AccumulatorWrite[13]" at ALU.v(120) File: G:/ALU/ALU.v Line: 120
Info (10041): Inferred latch for "AccumulatorWrite[14]" at ALU.v(120) File: G:/ALU/ALU.v Line: 120
Info (10041): Inferred latch for "AccumulatorWrite[15]" at ALU.v(120) File: G:/ALU/ALU.v Line: 120
Info (10041): Inferred latch for "ProgramCounter[0]" at ALU.v(120) File: G:/ALU/ALU.v Line: 120
Info (10041): Inferred latch for "ProgramCounter[1]" at ALU.v(120) File: G:/ALU/ALU.v Line: 120
Info (10041): Inferred latch for "ProgramCounter[2]" at ALU.v(120) File: G:/ALU/ALU.v Line: 120
Info (10041): Inferred latch for "ProgramCounter[3]" at ALU.v(120) File: G:/ALU/ALU.v Line: 120
Info (10041): Inferred latch for "ProgramCounter[4]" at ALU.v(120) File: G:/ALU/ALU.v Line: 120
Info (10041): Inferred latch for "ProgramCounter[5]" at ALU.v(120) File: G:/ALU/ALU.v Line: 120
Info (10041): Inferred latch for "ProgramCounter[6]" at ALU.v(120) File: G:/ALU/ALU.v Line: 120
Info (10041): Inferred latch for "ProgramCounter[7]" at ALU.v(120) File: G:/ALU/ALU.v Line: 120
Info (10041): Inferred latch for "DataWrite[0]" at ALU.v(120) File: G:/ALU/ALU.v Line: 120
Info (10041): Inferred latch for "DataWrite[1]" at ALU.v(120) File: G:/ALU/ALU.v Line: 120
Info (10041): Inferred latch for "DataWrite[2]" at ALU.v(120) File: G:/ALU/ALU.v Line: 120
Info (10041): Inferred latch for "DataWrite[3]" at ALU.v(120) File: G:/ALU/ALU.v Line: 120
Info (10041): Inferred latch for "DataWrite[4]" at ALU.v(120) File: G:/ALU/ALU.v Line: 120
Info (10041): Inferred latch for "DataWrite[5]" at ALU.v(120) File: G:/ALU/ALU.v Line: 120
Info (10041): Inferred latch for "DataWrite[6]" at ALU.v(120) File: G:/ALU/ALU.v Line: 120
Info (10041): Inferred latch for "DataWrite[7]" at ALU.v(120) File: G:/ALU/ALU.v Line: 120
Info (10041): Inferred latch for "DataWrite[8]" at ALU.v(120) File: G:/ALU/ALU.v Line: 120
Info (10041): Inferred latch for "DataWrite[9]" at ALU.v(120) File: G:/ALU/ALU.v Line: 120
Info (10041): Inferred latch for "DataWrite[10]" at ALU.v(120) File: G:/ALU/ALU.v Line: 120
Info (10041): Inferred latch for "DataWrite[11]" at ALU.v(120) File: G:/ALU/ALU.v Line: 120
Info (10041): Inferred latch for "DataWrite[12]" at ALU.v(120) File: G:/ALU/ALU.v Line: 120
Info (10041): Inferred latch for "DataWrite[13]" at ALU.v(120) File: G:/ALU/ALU.v Line: 120
Info (10041): Inferred latch for "DataWrite[14]" at ALU.v(120) File: G:/ALU/ALU.v Line: 120
Info (10041): Inferred latch for "DataWrite[15]" at ALU.v(120) File: G:/ALU/ALU.v Line: 120
Info (10041): Inferred latch for "OutputBinary[0]" at ALU.v(120) File: G:/ALU/ALU.v Line: 120
Info (10041): Inferred latch for "OutputBinary[1]" at ALU.v(120) File: G:/ALU/ALU.v Line: 120
Info (10041): Inferred latch for "OutputBinary[2]" at ALU.v(120) File: G:/ALU/ALU.v Line: 120
Info (10041): Inferred latch for "OutputBinary[3]" at ALU.v(120) File: G:/ALU/ALU.v Line: 120
Info (10041): Inferred latch for "OutputBinary[4]" at ALU.v(120) File: G:/ALU/ALU.v Line: 120
Info (10041): Inferred latch for "OutputBinary[5]" at ALU.v(120) File: G:/ALU/ALU.v Line: 120
Info (10041): Inferred latch for "OutputBinary[6]" at ALU.v(120) File: G:/ALU/ALU.v Line: 120
Info (10041): Inferred latch for "OutputBinary[7]" at ALU.v(120) File: G:/ALU/ALU.v Line: 120
Info (10041): Inferred latch for "OutputBinary[8]" at ALU.v(120) File: G:/ALU/ALU.v Line: 120
Info (10041): Inferred latch for "OutputBinary[9]" at ALU.v(120) File: G:/ALU/ALU.v Line: 120
Info (10041): Inferred latch for "OutputBinary[10]" at ALU.v(120) File: G:/ALU/ALU.v Line: 120
Info (10041): Inferred latch for "OutputBinary[11]" at ALU.v(120) File: G:/ALU/ALU.v Line: 120
Info (10041): Inferred latch for "OutputBinary[12]" at ALU.v(120) File: G:/ALU/ALU.v Line: 120
Info (10041): Inferred latch for "OutputBinary[13]" at ALU.v(120) File: G:/ALU/ALU.v Line: 120
Info (10041): Inferred latch for "OutputBinary[14]" at ALU.v(120) File: G:/ALU/ALU.v Line: 120
Info (10041): Inferred latch for "OutputBinary[15]" at ALU.v(120) File: G:/ALU/ALU.v Line: 120
Warning (12241): 2 hierarchies have connectivity warnings - see the Connectivity Checks report folder
Warning (13012): Latch Calculator:calc|interResult[0] has unsafe behavior File: G:/ALU/ALU.v Line: 79
    Warning (13013): Ports D and ENA on the latch are fed by the same signal OperandInput[2] File: G:/ALU/ALU.v Line: 4
Warning (13012): Latch Calculator:calc|interResult[1] has unsafe behavior File: G:/ALU/ALU.v Line: 79
    Warning (13013): Ports D and ENA on the latch are fed by the same signal OperandInput[3] File: G:/ALU/ALU.v Line: 4
Warning (13012): Latch Calculator:calc|interResult[2] has unsafe behavior File: G:/ALU/ALU.v Line: 79
    Warning (13013): Ports D and ENA on the latch are fed by the same signal OperandInput[3] File: G:/ALU/ALU.v Line: 4
Warning (13012): Latch Calculator:calc|interResult[3] has unsafe behavior File: G:/ALU/ALU.v Line: 79
    Warning (13013): Ports D and ENA on the latch are fed by the same signal OperandInput[3] File: G:/ALU/ALU.v Line: 4
Warning (13012): Latch Calculator:calc|interResult[4] has unsafe behavior File: G:/ALU/ALU.v Line: 79
    Warning (13013): Ports D and ENA on the latch are fed by the same signal OperandInput[3] File: G:/ALU/ALU.v Line: 4
Warning (13012): Latch Calculator:calc|interResult[5] has unsafe behavior File: G:/ALU/ALU.v Line: 79
    Warning (13013): Ports D and ENA on the latch are fed by the same signal OperandInput[3] File: G:/ALU/ALU.v Line: 4
Warning (13012): Latch Calculator:calc|interResult[6] has unsafe behavior File: G:/ALU/ALU.v Line: 79
    Warning (13013): Ports D and ENA on the latch are fed by the same signal OperandInput[3] File: G:/ALU/ALU.v Line: 4
Warning (13012): Latch Calculator:calc|interResult[7] has unsafe behavior File: G:/ALU/ALU.v Line: 79
    Warning (13013): Ports D and ENA on the latch are fed by the same signal OperandInput[3] File: G:/ALU/ALU.v Line: 4
Warning (13012): Latch Calculator:calc|interResult[8] has unsafe behavior File: G:/ALU/ALU.v Line: 79
    Warning (13013): Ports D and ENA on the latch are fed by the same signal OperandInput[3] File: G:/ALU/ALU.v Line: 4
Warning (13012): Latch Calculator:calc|interResult[9] has unsafe behavior File: G:/ALU/ALU.v Line: 79
    Warning (13013): Ports D and ENA on the latch are fed by the same signal OperandInput[3] File: G:/ALU/ALU.v Line: 4
Warning (13012): Latch Calculator:calc|interResult[10] has unsafe behavior File: G:/ALU/ALU.v Line: 79
    Warning (13013): Ports D and ENA on the latch are fed by the same signal OperandInput[3] File: G:/ALU/ALU.v Line: 4
Warning (13012): Latch Calculator:calc|interResult[11] has unsafe behavior File: G:/ALU/ALU.v Line: 79
    Warning (13013): Ports D and ENA on the latch are fed by the same signal OperandInput[3] File: G:/ALU/ALU.v Line: 4
Warning (13012): Latch Calculator:calc|interResult[12] has unsafe behavior File: G:/ALU/ALU.v Line: 79
    Warning (13013): Ports D and ENA on the latch are fed by the same signal OperandInput[3] File: G:/ALU/ALU.v Line: 4
Warning (13012): Latch Calculator:calc|interResult[13] has unsafe behavior File: G:/ALU/ALU.v Line: 79
    Warning (13013): Ports D and ENA on the latch are fed by the same signal OperandInput[3] File: G:/ALU/ALU.v Line: 4
Warning (13012): Latch Calculator:calc|interResult[14] has unsafe behavior File: G:/ALU/ALU.v Line: 79
    Warning (13013): Ports D and ENA on the latch are fed by the same signal OperandInput[3] File: G:/ALU/ALU.v Line: 4
Warning (13012): Latch Calculator:calc|interResult[15] has unsafe behavior File: G:/ALU/ALU.v Line: 79
    Warning (13013): Ports D and ENA on the latch are fed by the same signal OperandInput[3] File: G:/ALU/ALU.v Line: 4
Warning (13024): Output pins are stuck at VCC or GND
    Warning (13410): Pin "EndFlagWriteOutput" is stuck at VCC File: G:/ALU/ALU.v Line: 10
Info (286030): Timing-Driven Synthesis is running
Info (16010): Generating hard_block partition "hard_block:auto_generated_inst"
    Info (16011): Adding 0 node(s), including 0 DDIO, 0 PLL, 0 transceiver and 0 LCELL
Info (21057): Implemented 858 device resources after synthesis - the final resource count might be different
    Info (21058): Implemented 42 input pins
    Info (21059): Implemented 58 output pins
    Info (21061): Implemented 756 logic cells
    Info (21062): Implemented 2 DSP elements
Info: Quartus Prime Analysis & Synthesis was successful. 0 errors, 43 warnings
    Info: Peak virtual memory: 4826 megabytes
    Info: Processing ended: Wed Jan 13 18:37:47 2021
    Info: Elapsed time: 00:00:22
    Info: Total CPU time (on all processors): 00:00:19


